	File		Model	T_Energy I_Energy RMSD
CHEMBL375525_01_run_5.log	1	9.831	40.535	0
CHEMBL375525_run_5.log	1	14.507	40.551	10.1123
CHEMBL375525_01_run_12.log	4	15.095	41.109	2.22895
CHEMBL375525_01_run_13.log	6	15.448	41.619	2.35274
CHEMBL375525_run_18.log	1	15.806	41.213	9.67736
CHEMBL375525_01_run_15.log	4	15.89	41.177	9.48202
CHEMBL375525_01_run_3.log	7	16.41	40.342	8.46788
CHEMBL375525_run_20.log	2	16.412	41.335	4.65028
CHEMBL375525_01_run_2.log	5	16.701	42.85	2.98647
CHEMBL375525_01_run_2.log	6	16.713	43.817	3.83455
CHEMBL375525_01_run_12.log	7	16.872	42.304	4.76951
CHEMBL375525_run_13.log	3	16.882	40.674	8.68526
CHEMBL375525_01_run_18.log	5	16.921	43.552	3.26941
CHEMBL375525_01_run_11.log	5	17.034	42.06	4.58423
CHEMBL375525_run_5.log	4	17.719	40.238	11.1719
CHEMBL375525_run_12.log	4	17.814	39.747	10.9878
CHEMBL375525_01_run_2.log	12	17.969	40.943	10.6565
CHEMBL375525_run_10.log	5	18.034	41.118	8.7082
CHEMBL375525_01_run_2.log	13	18.301	42.745	2.00588
CHEMBL375525_01_run_6.log	9	18.453	41.634	10.6477
